<?xml version="1.0" encoding="UTF-8"?>
<!-- Generated by org.testng.reporters.JUnitXMLReporter -->
<testsuite hostname="ram-PC" ignored="2" name="Test" tests="2" failures="0" timestamp="2020-02-17T15:44:32 IST" time="25.26" errors="0">
  <testcase name="testCreateCustomer" time="6.818" classname="com.actiTime.Customer_scripts.CreateCustomer"/>
  <testcase name="testDeleteCustomer" time="4.58" classname="com.actiTime.Customer_scripts.DeleteCustomer"/>
  <testcase name="@AfterTest testcloseBrowser" time="0.0" classname="com.actiTime.Utilities.Base">
    <ignored/>
  </testcase> <!-- @AfterTest testcloseBrowser -->
  <testcase name="@BeforeTest testOpenBrowser" time="0.0" classname="com.actiTime.Utilities.Base">
    <ignored/>
  </testcase> <!-- @BeforeTest testOpenBrowser -->
</testsuite> <!-- Test -->
