<?xml version="1.0" encoding="UTF-8"?>
<testsuite xmlns:xsi="http://www.w3.org/2001/XMLSchema-instance" xsi:noNamespaceSchemaLocation="https://maven.apache.org/surefire/maven-surefire-plugin/xsd/surefire-test-report-3.0.xsd" version="3.0" name="TestSuite" time="27.475" tests="2" errors="0" skipped="0" failures="0">
  <properties>
[...]
</properties>
  <testcase name="testCreateCustomer" classname="com.actiTime.Customer_scripts.CreateCustomer" time="6.857"/>
  <testcase name="testDeleteCustomer" classname="com.actiTime.Customer_scripts.DeleteCustomer" time="4.582"/>
</testsuite>